[debug] [2020-07-19T20:59:22.177Z] ----------------------------------------------------------------------
[debug] [2020-07-19T20:59:22.179Z] Command:       /usr/bin/node /usr/local/bin/firebase init
[debug] [2020-07-19T20:59:22.179Z] CLI Version:   8.6.0
[debug] [2020-07-19T20:59:22.179Z] Platform:      linux
[debug] [2020-07-19T20:59:22.179Z] Node Version:  v10.19.0
[debug] [2020-07-19T20:59:22.180Z] Time:          Sun Jul 19 2020 23:59:22 GMT+0300 (Eastern European Summer Time)
[debug] [2020-07-19T20:59:22.180Z] ----------------------------------------------------------------------
[debug] [2020-07-19T20:59:22.180Z] 
[debug] [2020-07-19T20:59:22.183Z] > command requires scopes: ["email","openid","https://www.googleapis.com/auth/cloudplatformprojects.readonly","https://www.googleapis.com/auth/firebase","https://www.googleapis.com/auth/cloud-platform"]
[debug] [2020-07-19T20:59:22.183Z] > authorizing via signed-in user
[info] 
     ######## #### ########  ######## ########     ###     ######  ########
     ##        ##  ##     ## ##       ##     ##  ##   ##  ##       ##
     ######    ##  ########  ######   ########  #########  ######  ######
     ##        ##  ##    ##  ##       ##     ## ##     ##       ## ##
     ##       #### ##     ## ######## ########  ##     ##  ######  ########

You're about to initialize a Firebase project in this directory:

  /home/oleh/Projects/redux-test

[debug] [2020-07-19T21:00:41.486Z] TypeError: Cannot read property 'setRawMode' of null
    at ReadStream.setRawMode (tty.js:69:28)
    at Interface._setRawMode (readline.js:269:16)
    at Interface.close (readline.js:394:10)
    at ReadStream.ontermend (readline.js:180:10)
    at ReadStream.emit (events.js:203:15)
    at ReadStream.EventEmitter.emit (domain.js:448:20)
    at endReadableNT (_stream_readable.js:1145:12)
    at process._tickCallback (internal/process/next_tick.js:63:19)
